<?xml version="1.0" encoding="UTF-8"?>
<!-- Generated by org.testng.reporters.JUnitReportReporter -->
<testsuite hostname="DESKTOP-UNVGE05" failures="0" tests="1" name="day6.xmlval" time="1.718" errors="0" timestamp="2023-06-28T17:04:55 AEST" skipped="0">
  <testcase classname="day6.xmlval" name="jsonschemavalidation" time="1.718"/>
  <system-out/>
</testsuite> <!-- day6.xmlval -->
