<?xml version="1.0" encoding="UTF-8"?>
<!-- Generated by org.testng.reporters.JUnitReportReporter -->
<testsuite hostname="DESKTOP-UNVGE05" failures="0" tests="2" name="day4.ParsingJsonResponseData" time="0.758" errors="0" timestamp="2023-06-27T15:01:02 AEST" skipped="0">
  <testcase classname="day4.ParsingJsonResponseData" name="testJSonresponse" time="0.005"/>
  <system-out/>
  <testcase classname="day4.ParsingJsonResponseData" name="testJSonresponseBodyData" time="0.753"/>
  <system-out/>
</testsuite> <!-- day4.ParsingJsonResponseData -->
