<?xml version="1.0" encoding="UTF-8"?>
<!-- Generated by org.testng.reporters.JUnitReportReporter -->
<testsuite hostname="DESKTOP-UNVGE05" failures="0" tests="3" name="day2.waysToCreateBody_POJO" time="1.387" errors="0" timestamp="2023-06-27T08:32:44 AEST" skipped="0">
  <testcase classname="day2.waysToCreateBody_POJO" name="testPostusingOrgjson" time="1.318"/>
  <system-out/>
  <testcase classname="day2.waysToCreateBody_POJO" name="validatePost" time="0.018"/>
  <system-out/>
  <testcase classname="day2.waysToCreateBody_POJO" name="deleteRecord" time="0.051"/>
  <system-out/>
</testsuite> <!-- day2.waysToCreateBody_POJO -->
