<?xml version="1.0" encoding="UTF-8"?>
<!-- Generated by org.testng.reporters.JUnitReportReporter -->
<testsuite hostname="DESKTOP-UNVGE05" failures="0" tests="1" name="day3.LoggingDemo" time="1.065" errors="0" timestamp="2023-06-27T10:47:35 AEST" skipped="0">
  <testcase classname="day3.LoggingDemo" name="log" time="1.065"/>
  <system-out/>
</testsuite> <!-- day3.LoggingDemo -->
