<?xml version="1.0" encoding="UTF-8"?>
<!-- Generated by org.testng.reporters.JUnitReportReporter -->
<testsuite hostname="DESKTOP-UNVGE05" failures="0" tests="3" name="day5.ParsingXMLResonseData" time="3.386" errors="0" timestamp="2023-06-28T07:02:12 AEST" skipped="0">
  <testcase classname="day5.ParsingXMLResonseData" name="testxmlResponse" time="1.793"/>
  <system-out/>
  <testcase classname="day5.ParsingXMLResonseData" name="testxmlResponse2" time="0.793"/>
  <system-out/>
  <testcase classname="day5.ParsingXMLResonseData" name="testxmlResponse3" time="0.800"/>
  <system-out/>
</testsuite> <!-- day5.ParsingXMLResonseData -->
