<?xml version="1.0" encoding="UTF-8"?>
<!-- Generated by org.testng.reporters.JUnitReportReporter -->
<testsuite hostname="DESKTOP-UNVGE05" failures="0" tests="4" name="Reqres.HTTPRequest" time="5.343" errors="0" timestamp="2023-06-26T15:57:24 AEST" skipped="0">
  <testcase classname="Reqres.HTTPRequest" name="getUser" time="2.660"/>
  <system-out/>
  <testcase classname="Reqres.HTTPRequest" name="createUser" time="1.162"/>
  <system-out/>
  <testcase classname="Reqres.HTTPRequest" name="updateUser" time="0.761"/>
  <system-out/>
  <testcase classname="Reqres.HTTPRequest" name="deleteUser" time="0.760"/>
  <system-out/>
</testsuite> <!-- Reqres.HTTPRequest -->
