<?xml version="1.0" encoding="UTF-8"?>
<!-- Generated by org.testng.reporters.JUnitReportReporter -->
<testsuite hostname="DESKTOP-UNVGE05" failures="0" tests="3" name="day2.waysToCreateBody_Orgjson_HashMap" time="1.380" errors="0" timestamp="2023-06-27T07:47:08 AEST" skipped="0">
  <testcase classname="day2.waysToCreateBody_Orgjson_HashMap" name="testPostusingOrgjson" time="1.294"/>
  <system-out/>
  <testcase classname="day2.waysToCreateBody_Orgjson_HashMap" name="validatePost" time="0.021"/>
  <system-out/>
  <testcase classname="day2.waysToCreateBody_Orgjson_HashMap" name="deleteRecord" time="0.065"/>
  <system-out/>
</testsuite> <!-- day2.waysToCreateBody_Orgjson_HashMap -->
