<?xml version="1.0" encoding="UTF-8"?>
<!-- Generated by org.testng.reporters.JUnitReportReporter -->
<testsuite hostname="DESKTOP-UNVGE05" failures="0" tests="2" name="day6.SerializationDeserialization" time="0.127" errors="0" timestamp="2023-06-28T17:07:34 AEST" skipped="0">
  <testcase classname="day6.SerializationDeserialization" name="convertoPojo2Json" time="0.009"/>
  <system-out/>
  <testcase classname="day6.SerializationDeserialization" name="convertJson2Pojo" time="0.118"/>
  <system-out/>
</testsuite> <!-- day6.SerializationDeserialization -->
