<?xml version="1.0" encoding="UTF-8"?>
<!-- Generated by org.testng.reporters.JUnitReportReporter -->
<testsuite hostname="DESKTOP-UNVGE05" failures="0" tests="3" name="day2.waysToCreateBody_Externaljson" time="1.200" errors="0" timestamp="2023-06-27T09:14:06 AEST" skipped="0">
  <testcase classname="day2.waysToCreateBody_Externaljson" name="testPostusingExternal" time="1.120"/>
  <system-out/>
  <testcase classname="day2.waysToCreateBody_Externaljson" name="validatePost" time="0.019"/>
  <system-out/>
  <testcase classname="day2.waysToCreateBody_Externaljson" name="deleteRecord" time="0.061"/>
  <system-out/>
</testsuite> <!-- day2.waysToCreateBody_Externaljson -->
