<?xml version="1.0" encoding="UTF-8"?>
<!-- Generated by org.testng.reporters.JUnitReportReporter -->
<testsuite hostname="DESKTOP-UNVGE05" failures="0" tests="1" name="day6.jsonschemavalidator" time="0.980" errors="0" timestamp="2023-06-28T13:42:58 AEST" skipped="0">
  <testcase classname="day6.jsonschemavalidator" name="jsonschemavalidation" time="0.980"/>
  <system-out/>
</testsuite> <!-- day6.jsonschemavalidator -->
