<?xml version="1.0" encoding="UTF-8"?>
<!-- Generated by org.testng.reporters.JUnitReportReporter -->
<testsuite hostname="DESKTOP-UNVGE05" failures="0" tests="3" name="day2.waysToCreateBody" time="1.300" errors="0" timestamp="2023-06-27T07:25:26 AEST" skipped="0">
  <testcase classname="day2.waysToCreateBody" name="testPostusingHashMap" time="1.231"/>
  <system-out/>
  <testcase classname="day2.waysToCreateBody" name="validatePost" time="0.018"/>
  <system-out/>
  <testcase classname="day2.waysToCreateBody" name="deleteRecord" time="0.051"/>
  <system-out/>
</testsuite> <!-- day2.waysToCreateBody -->
