<?xml version="1.0" encoding="UTF-8"?>
<!-- Generated by org.testng.reporters.JUnitReportReporter -->
<testsuite hostname="DESKTOP-UNVGE05" failures="0" tests="3" name="day2.waysToCreateBody_Orgjson" time="1.175" errors="0" timestamp="2023-06-27T07:58:47 AEST" skipped="0">
  <testcase classname="day2.waysToCreateBody_Orgjson" name="testPostusingOrgjson" time="1.083"/>
  <system-out/>
  <testcase classname="day2.waysToCreateBody_Orgjson" name="validatePost" time="0.019"/>
  <system-out/>
  <testcase classname="day2.waysToCreateBody_Orgjson" name="deleteRecord" time="0.073"/>
  <system-out/>
</testsuite> <!-- day2.waysToCreateBody_Orgjson -->
