<?xml version="1.0" encoding="UTF-8"?>
<!-- Generated by org.testng.reporters.JUnitReportReporter -->
<testsuite hostname="DESKTOP-UNVGE05" failures="0" tests="2" name="day3.Headersdemo" time="2.013" errors="0" timestamp="2023-06-27T10:36:33 AEST" skipped="0">
  <testcase classname="day3.Headersdemo" name="testCookies" time="1.501"/>
  <system-out/>
  <testcase classname="day3.Headersdemo" name="getHeader" time="0.512"/>
  <system-out/>
</testsuite> <!-- day3.Headersdemo -->
