<?xml version="1.0" encoding="UTF-8"?>
<!-- Generated by org.testng.reporters.JUnitReportReporter -->
<testsuite hostname="DESKTOP-UNVGE05" failures="0" tests="2" name="day3.pathandQueryParmeters" time="2.030" errors="0" timestamp="2023-06-27T10:23:44 AEST" skipped="0">
  <testcase classname="day3.pathandQueryParmeters" name="testCookies" time="1.486"/>
  <system-out/>
  <testcase classname="day3.pathandQueryParmeters" name="getCookies" time="0.544"/>
  <system-out/>
</testsuite> <!-- day3.pathandQueryParmeters -->
